<?xml version="1.0" encoding="UTF-8"?>
<!-- Generated by org.testng.reporters.JUnitXMLReporter -->
<testsuite hostname="HP" ignored="0" name="CreateCustomerTest" tests="2" failures="0" timestamp="30 Apr 2020 09:22:08 GMT" time="97.088" errors="0">
  <testcase name="createCustomerWithNameAndDescription" time="18.041" classname="Com.actitime.testscripts.CreateCustomerTest"/>
  <testcase name="createcustmer" time="13.477" classname="Com.actitime.testscripts.CreateCustomerTest"/>
</testsuite> <!-- CreateCustomerTest -->
